Adding custom extension mapping: .js will be treated as language javascript
Searching for include files...
Searching for example files...
Searching for images...
Searching for dot files...
Searching for msc files...
Searching for dia files...
Searching for files to exclude
Searching INPUT for files to process...
Searching for files in directory G:/School/Graduate Project/GeneDive
Searching for files in directory G:/School/Graduate Project/GeneDive/api
Searching for files in directory G:/School/Graduate Project/GeneDive/data
Searching for files in directory G:/School/Graduate Project/GeneDive/data/master
Searching for files in directory G:/School/Graduate Project/GeneDive/docs
Searching for files in directory G:/School/Graduate Project/GeneDive/docs/gen
Searching for files in directory G:/School/Graduate Project/GeneDive/docs/gen/log
Searching for files in directory G:/School/Graduate Project/GeneDive/docs/img
Searching for files in directory G:/School/Graduate Project/GeneDive/docs/old
Searching for files in directory G:/School/Graduate Project/GeneDive/docs/old/img
Searching for files in directory G:/School/Graduate Project/GeneDive/static
Searching for files in directory G:/School/Graduate Project/GeneDive/static/alertify
Searching for files in directory G:/School/Graduate Project/GeneDive/static/alertify/css
Searching for files in directory G:/School/Graduate Project/GeneDive/static/alertify/js
Searching for files in directory G:/School/Graduate Project/GeneDive/static/bootstrap
Searching for files in directory G:/School/Graduate Project/GeneDive/static/bootstrap/bootstrap-slider
Searching for files in directory G:/School/Graduate Project/GeneDive/static/crossfilter
Searching for files in directory G:/School/Graduate Project/GeneDive/static/crossfilter/media
Searching for files in directory G:/School/Graduate Project/GeneDive/static/crossfilter/media/logo
Searching for files in directory G:/School/Graduate Project/GeneDive/static/crossfilter/src
Searching for files in directory G:/School/Graduate Project/GeneDive/static/crossfilter/test
Searching for files in directory G:/School/Graduate Project/GeneDive/static/cytoscape
Searching for files in directory G:/School/Graduate Project/GeneDive/static/d3
Searching for files in directory G:/School/Graduate Project/GeneDive/static/d3hist
Searching for files in directory G:/School/Graduate Project/GeneDive/static/filesaver
Searching for files in directory G:/School/Graduate Project/GeneDive/static/fonts
Searching for files in directory G:/School/Graduate Project/GeneDive/static/genedive
Searching for files in directory G:/School/Graduate Project/GeneDive/static/genedive/color
Searching for files in directory G:/School/Graduate Project/GeneDive/static/genedive/download
Searching for files in directory G:/School/Graduate Project/GeneDive/static/genedive/filter
Searching for files in directory G:/School/Graduate Project/GeneDive/static/genedive/grouper
Searching for files in directory G:/School/Graduate Project/GeneDive/static/genedive/help
Searching for files in directory G:/School/Graduate Project/GeneDive/static/genedive/highlight
Searching for files in directory G:/School/Graduate Project/GeneDive/static/genedive/images
Searching for files in directory G:/School/Graduate Project/GeneDive/static/genedive/images/help
Searching for files in directory G:/School/Graduate Project/GeneDive/static/genedive/json
Searching for files in directory G:/School/Graduate Project/GeneDive/static/genedive/search
Searching for files in directory G:/School/Graduate Project/GeneDive/static/genedive/synonym
Searching for files in directory G:/School/Graduate Project/GeneDive/static/genedive/view
Searching for files in directory G:/School/Graduate Project/GeneDive/static/genedive/view/graph
Searching for files in directory G:/School/Graduate Project/GeneDive/static/genedive/view/table
Searching for files in directory G:/School/Graduate Project/GeneDive/static/jquery
Searching for files in directory G:/School/Graduate Project/GeneDive/static/jszip
Searching for files in directory G:/School/Graduate Project/GeneDive/static/lodash
Searching for files in directory G:/School/Graduate Project/GeneDive/static/sha256
Searching for files in directory G:/School/Graduate Project/GeneDive/static/tablesorter
Searching for files in directory G:/School/Graduate Project/GeneDive/static/typeahead
Reading and parsing tag files
Parsing files
Reading G:/School/Graduate Project/GeneDive/api/genedetails.php...
Parsing file G:/School/Graduate Project/GeneDive/api/genedetails.php...
Reading G:/School/Graduate Project/GeneDive/api/genenames.php...
Parsing file G:/School/Graduate Project/GeneDive/api/genenames.php...
Reading G:/School/Graduate Project/GeneDive/api/interactions.php...
Parsing file G:/School/Graduate Project/GeneDive/api/interactions.php...
Reading G:/School/Graduate Project/GeneDive/auth.php...
Parsing file G:/School/Graduate Project/GeneDive/auth.php...
Preprocessing G:/School/Graduate Project/GeneDive/docs/gen/generate.js...
Parsing file G:/School/Graduate Project/GeneDive/docs/gen/generate.js...
Preprocessing G:/School/Graduate Project/GeneDive/docs/gen/screenshots.js...
Parsing file G:/School/Graduate Project/GeneDive/docs/gen/screenshots.js...
Reading G:/School/Graduate Project/GeneDive/footer.php...
Parsing file G:/School/Graduate Project/GeneDive/footer.php...
Reading G:/School/Graduate Project/GeneDive/header.php...
Parsing file G:/School/Graduate Project/GeneDive/header.php...
Reading G:/School/Graduate Project/GeneDive/index.php...
Parsing file G:/School/Graduate Project/GeneDive/index.php...
Reading G:/School/Graduate Project/GeneDive/login.php...
Parsing file G:/School/Graduate Project/GeneDive/login.php...
Reading G:/School/Graduate Project/GeneDive/register.php...
Parsing file G:/School/Graduate Project/GeneDive/register.php...
Reading G:/School/Graduate Project/GeneDive/registration.php...
Parsing file G:/School/Graduate Project/GeneDive/registration.php...
Reading G:/School/Graduate Project/GeneDive/search2.php...
Parsing file G:/School/Graduate Project/GeneDive/search2.php...
Reading G:/School/Graduate Project/GeneDive/session.php...
Parsing file G:/School/Graduate Project/GeneDive/session.php...
Preprocessing G:/School/Graduate Project/GeneDive/static/alertify/js/alertify.min.js...
Parsing file G:/School/Graduate Project/GeneDive/static/alertify/js/alertify.min.js...
Preprocessing G:/School/Graduate Project/GeneDive/static/bootstrap/bootstrap-slider/bootstrap-slider.min.js...
Parsing file G:/School/Graduate Project/GeneDive/static/bootstrap/bootstrap-slider/bootstrap-slider.min.js...
Preprocessing G:/School/Graduate Project/GeneDive/static/bootstrap/bootstrap.min.js...
Parsing file G:/School/Graduate Project/GeneDive/static/bootstrap/bootstrap.min.js...
Preprocessing G:/School/Graduate Project/GeneDive/static/crossfilter/crossfilter.js...
Parsing file G:/School/Graduate Project/GeneDive/static/crossfilter/crossfilter.js...
Preprocessing G:/School/Graduate Project/GeneDive/static/crossfilter/crossfilter.min.js...
Parsing file G:/School/Graduate Project/GeneDive/static/crossfilter/crossfilter.min.js...
Preprocessing G:/School/Graduate Project/GeneDive/static/crossfilter/index.js...
Parsing file G:/School/Graduate Project/GeneDive/static/crossfilter/index.js...
Preprocessing G:/School/Graduate Project/GeneDive/static/crossfilter/src/array.js...
Parsing file G:/School/Graduate Project/GeneDive/static/crossfilter/src/array.js...
Preprocessing G:/School/Graduate Project/GeneDive/static/crossfilter/src/bisect.js...
Parsing file G:/School/Graduate Project/GeneDive/static/crossfilter/src/bisect.js...
Preprocessing G:/School/Graduate Project/GeneDive/static/crossfilter/src/crossfilter.js...
Parsing file G:/School/Graduate Project/GeneDive/static/crossfilter/src/crossfilter.js...
Preprocessing G:/School/Graduate Project/GeneDive/static/crossfilter/src/filter.js...
Parsing file G:/School/Graduate Project/GeneDive/static/crossfilter/src/filter.js...
Preprocessing G:/School/Graduate Project/GeneDive/static/crossfilter/src/heap.js...
Parsing file G:/School/Graduate Project/GeneDive/static/crossfilter/src/heap.js...
Preprocessing G:/School/Graduate Project/GeneDive/static/crossfilter/src/heapselect.js...
Parsing file G:/School/Graduate Project/GeneDive/static/crossfilter/src/heapselect.js...
Preprocessing G:/School/Graduate Project/GeneDive/static/crossfilter/src/identity.js...
Parsing file G:/School/Graduate Project/GeneDive/static/crossfilter/src/identity.js...
Preprocessing G:/School/Graduate Project/GeneDive/static/crossfilter/src/insertionsort.js...
Parsing file G:/School/Graduate Project/GeneDive/static/crossfilter/src/insertionsort.js...
Preprocessing G:/School/Graduate Project/GeneDive/static/crossfilter/src/null.js...
Parsing file G:/School/Graduate Project/GeneDive/static/crossfilter/src/null.js...
Preprocessing G:/School/Graduate Project/GeneDive/static/crossfilter/src/permute.js...
Parsing file G:/School/Graduate Project/GeneDive/static/crossfilter/src/permute.js...
Preprocessing G:/School/Graduate Project/GeneDive/static/crossfilter/src/quicksort.js...
Parsing file G:/School/Graduate Project/GeneDive/static/crossfilter/src/quicksort.js...
Preprocessing G:/School/Graduate Project/GeneDive/static/crossfilter/src/reduce.js...
Parsing file G:/School/Graduate Project/GeneDive/static/crossfilter/src/reduce.js...
Preprocessing G:/School/Graduate Project/GeneDive/static/crossfilter/src/zero.js...
Parsing file G:/School/Graduate Project/GeneDive/static/crossfilter/src/zero.js...
Preprocessing G:/School/Graduate Project/GeneDive/static/crossfilter/test/benchmark.js...
Parsing file G:/School/Graduate Project/GeneDive/static/crossfilter/test/benchmark.js...
Preprocessing G:/School/Graduate Project/GeneDive/static/crossfilter/test/bisect-test.js...
Parsing file G:/School/Graduate Project/GeneDive/static/crossfilter/test/bisect-test.js...
Preprocessing G:/School/Graduate Project/GeneDive/static/crossfilter/test/crossfilter-test.js...
Parsing file G:/School/Graduate Project/GeneDive/static/crossfilter/test/crossfilter-test.js...
Preprocessing G:/School/Graduate Project/GeneDive/static/crossfilter/test/heap-test.js...
Parsing file G:/School/Graduate Project/GeneDive/static/crossfilter/test/heap-test.js...
Preprocessing G:/School/Graduate Project/GeneDive/static/crossfilter/test/permute-test.js...
Parsing file G:/School/Graduate Project/GeneDive/static/crossfilter/test/permute-test.js...
Preprocessing G:/School/Graduate Project/GeneDive/static/crossfilter/test/select-test.js...
Parsing file G:/School/Graduate Project/GeneDive/static/crossfilter/test/select-test.js...
Preprocessing G:/School/Graduate Project/GeneDive/static/crossfilter/test/sort-test.js...
Parsing file G:/School/Graduate Project/GeneDive/static/crossfilter/test/sort-test.js...
Preprocessing G:/School/Graduate Project/GeneDive/static/crossfilter/test/version-test.js...
Parsing file G:/School/Graduate Project/GeneDive/static/crossfilter/test/version-test.js...
Preprocessing G:/School/Graduate Project/GeneDive/static/cytoscape/cytoscape-euler.js...
Parsing file G:/School/Graduate Project/GeneDive/static/cytoscape/cytoscape-euler.js...
Preprocessing G:/School/Graduate Project/GeneDive/static/cytoscape/cytoscape-qtip.js...
Parsing file G:/School/Graduate Project/GeneDive/static/cytoscape/cytoscape-qtip.js...
Preprocessing G:/School/Graduate Project/GeneDive/static/cytoscape/cytoscape.min.js...
Parsing file G:/School/Graduate Project/GeneDive/static/cytoscape/cytoscape.min.js...
Preprocessing G:/School/Graduate Project/GeneDive/static/cytoscape/jquery.qtip.min.js...
Parsing file G:/School/Graduate Project/GeneDive/static/cytoscape/jquery.qtip.min.js...
Preprocessing G:/School/Graduate Project/GeneDive/static/d3/d3.min.js...
Parsing file G:/School/Graduate Project/GeneDive/static/d3/d3.min.js...
Preprocessing G:/School/Graduate Project/GeneDive/static/d3hist/d3_hist.js...
Parsing file G:/School/Graduate Project/GeneDive/static/d3hist/d3_hist.js...
Preprocessing G:/School/Graduate Project/GeneDive/static/filesaver/filesaver.min.js...
Parsing file G:/School/Graduate Project/GeneDive/static/filesaver/filesaver.min.js...
Preprocessing G:/School/Graduate Project/GeneDive/static/genedive/color/color.js...
Parsing file G:/School/Graduate Project/GeneDive/static/genedive/color/color.js...
Preprocessing G:/School/Graduate Project/GeneDive/static/genedive/controller.js...
Parsing file G:/School/Graduate Project/GeneDive/static/genedive/controller.js...
Preprocessing G:/School/Graduate Project/GeneDive/static/genedive/delay.js...
Parsing file G:/School/Graduate Project/GeneDive/static/genedive/delay.js...
Preprocessing G:/School/Graduate Project/GeneDive/static/genedive/download/download.js...
Parsing file G:/School/Graduate Project/GeneDive/static/genedive/download/download.js...
Preprocessing G:/School/Graduate Project/GeneDive/static/genedive/filter/probabilityfilter.js...
Parsing file G:/School/Graduate Project/GeneDive/static/genedive/filter/probabilityfilter.js...
Preprocessing G:/School/Graduate Project/GeneDive/static/genedive/filter/textfilter.js...
Parsing file G:/School/Graduate Project/GeneDive/static/genedive/filter/textfilter.js...
Preprocessing G:/School/Graduate Project/GeneDive/static/genedive/GeneDiveAPI.js...
Parsing file G:/School/Graduate Project/GeneDive/static/genedive/GeneDiveAPI.js...
Preprocessing G:/School/Graduate Project/GeneDive/static/genedive/grouper/grouper.js...
Parsing file G:/School/Graduate Project/GeneDive/static/genedive/grouper/grouper.js...
Preprocessing G:/School/Graduate Project/GeneDive/static/genedive/help/help.js...
Parsing file G:/School/Graduate Project/GeneDive/static/genedive/help/help.js...
Preprocessing G:/School/Graduate Project/GeneDive/static/genedive/highlight/highlight.js...
Parsing file G:/School/Graduate Project/GeneDive/static/genedive/highlight/highlight.js...
Preprocessing G:/School/Graduate Project/GeneDive/static/genedive/search/disambiguation.js...
Parsing file G:/School/Graduate Project/GeneDive/static/genedive/search/disambiguation.js...
Preprocessing G:/School/Graduate Project/GeneDive/static/genedive/search/graphsearch.js...
Parsing file G:/School/Graduate Project/GeneDive/static/genedive/search/graphsearch.js...
Preprocessing G:/School/Graduate Project/GeneDive/static/genedive/search/search.js...
Parsing file G:/School/Graduate Project/GeneDive/static/genedive/search/search.js...
Preprocessing G:/School/Graduate Project/GeneDive/static/genedive/synonym/synonym.js...
Parsing file G:/School/Graduate Project/GeneDive/static/genedive/synonym/synonym.js...
Preprocessing G:/School/Graduate Project/GeneDive/static/genedive/view/graph/graph.js...
Parsing file G:/School/Graduate Project/GeneDive/static/genedive/view/graph/graph.js...
Preprocessing G:/School/Graduate Project/GeneDive/static/genedive/view/table/resultstable.js...
Parsing file G:/School/Graduate Project/GeneDive/static/genedive/view/table/resultstable.js...
Preprocessing G:/School/Graduate Project/GeneDive/static/genedive/view/table/tabledetail.js...
Parsing file G:/School/Graduate Project/GeneDive/static/genedive/view/table/tabledetail.js...
Preprocessing G:/School/Graduate Project/GeneDive/static/genedive/view/table/tablesummaryarticle.js...
Parsing file G:/School/Graduate Project/GeneDive/static/genedive/view/table/tablesummaryarticle.js...
Preprocessing G:/School/Graduate Project/GeneDive/static/genedive/view/table/tablesummarygene.js...
Parsing file G:/School/Graduate Project/GeneDive/static/genedive/view/table/tablesummarygene.js...
Preprocessing G:/School/Graduate Project/GeneDive/static/jquery/jquery-3.2.1.min.js...
Parsing file G:/School/Graduate Project/GeneDive/static/jquery/jquery-3.2.1.min.js...
Preprocessing G:/School/Graduate Project/GeneDive/static/jquery/jquery-ui.min.js...
Parsing file G:/School/Graduate Project/GeneDive/static/jquery/jquery-ui.min.js...
Preprocessing G:/School/Graduate Project/GeneDive/static/jszip/jszip.min.js...
Parsing file G:/School/Graduate Project/GeneDive/static/jszip/jszip.min.js...
Preprocessing G:/School/Graduate Project/GeneDive/static/lodash/lodash.js...
Parsing file G:/School/Graduate Project/GeneDive/static/lodash/lodash.js...
Preprocessing G:/School/Graduate Project/GeneDive/static/sha256/sha256.js...
Parsing file G:/School/Graduate Project/GeneDive/static/sha256/sha256.js...
Preprocessing G:/School/Graduate Project/GeneDive/static/tablesorter/jquery.tablesorter.min.js...
Parsing file G:/School/Graduate Project/GeneDive/static/tablesorter/jquery.tablesorter.min.js...
Preprocessing G:/School/Graduate Project/GeneDive/static/typeahead/typeahead.bundle.min.js...
Parsing file G:/School/Graduate Project/GeneDive/static/typeahead/typeahead.bundle.min.js...
Building group list...
Building directory list...
Building namespace list...
Building file list...
Building class list...
Associating documentation with classes...
Computing nesting relations for classes...
Building example list...
Searching for enumerations...
Searching for documented typedefs...
Searching for members imported via using declarations...
Searching for included using directives...
Searching for documented variables...
Building interface member list...
Building member list...
Searching for friends...
Searching for documented defines...
Computing class inheritance relations...
Computing class usage relations...
Flushing cached template relations that have become invalid...
Computing class relations...
Add enum values to enums...
Searching for member function documentation...
Creating members for template instances...
Building page list...
Search for main page...
Computing page relations...
Determining the scope of groups...
Sorting lists...
Freeing entry tree
Determining which enums are documented
Computing member relations...
Building full member lists recursively...
Adding members to member groups.
Computing member references...
Inheriting documentation...
Generating disk names...
Adding source references...
Adding xrefitems...
Sorting member lists...
Computing dependencies between directories...
Generating citations page...
Counting data structures...
Resolving user defined references...
Finding anchors and sections in the documentation...
Transferring function references...
Combining using relations...
Adding members to index pages...
Generating style sheet...
Generating search indices...
Generating example documentation...
Generating file sources...
Generating file documentation...
Generating docs for file generate.js...
Generating docs for file screenshots.js...
Generating page documentation...
Generating group documentation...
Generating class documentation...
Generating docs for compound Color...
Generating docs for compound Controller...
Generating docs for compound Disambiguation...
Generating docs for compound Download...
Generating docs for compound FilterSet...
Generating docs for compound GraphResult...
Generating docs for compound GraphSearch...
Generating docs for compound GraphView...
Generating docs for compound Grouper...
Generating docs for compound Help...
Generating docs for compound Highlight...
Generating docs for compound ProbabilityFilter...
Generating docs for compound ResultsTable...
Generating docs for compound Search...
Generating docs for compound SearchSet...
Generating docs for compound Synonym...
Generating docs for compound TableDetail...
Generating docs for compound TableSummaryArticle...
Generating docs for compound TableSummaryGene...
Generating docs for compound TextFilter...
Generating namespace index...
Generating graph info page...
Generating directory documentation...
Generating index page...
Generating page index...
Generating module index...
Generating namespace index...
Generating namespace member index...
Generating annotated compound index...
Generating alphabetical compound index...
Generating hierarchical class index...
Generating member index...
Generating file index...
Generating file member index...
Generating example index...
finalizing index lists...
writing tag file...
lookup cache used 36/65536 hits=121 misses=48
finished...
